Projectlivrable/livrable 3 bruh/livrable3/app/build/intermediates/manifest_merge_blame_file/debug/manifest-merger-blame-debug-report.txt
1<?xml version="1.0" encoding="utf-8"?>
2<manifest xmlns:android="http://schemas.android.com/apk/res/android"
3    package="com.example.livrable3"
4    android:versionCode="1"
5    android:versionName="1.0" >
6
7    <uses-sdk
8        android:minSdkVersion="21"
8-->src/main/AndroidManifest.xml
9        android:targetSdkVersion="31" />
9-->src/main/AndroidManifest.xml
10
11    <!-- Although the *SdkVersion is captured in gradle build files, this is required for non gradle builds -->
12    <!-- <uses-sdk android:minSdkVersion="14"/> -->
13    <uses-permission android:name="android.permission.ACCESS_NETWORK_STATE" />
13-->[com.google.firebase:firebase-database:20.0.2] AndroidManifest.xml:25:5-79
13-->[com.google.firebase:firebase-database:20.0.2] AndroidManifest.xml:25:22-76
14    <uses-permission android:name="android.permission.INTERNET" />
14-->[com.google.firebase:firebase-database:20.0.2] AndroidManifest.xml:26:5-67
14-->[com.google.firebase:firebase-database:20.0.2] AndroidManifest.xml:26:22-64
15
16    <application
16-->src/main/AndroidManifest.xml:5:5-11:50
17        android:allowBackup="true"
17-->src/main/AndroidManifest.xml:6:9-35
18        android:appComponentFactory="androidx.core.app.CoreComponentFactory"
18-->[androidx.core:core:1.7.0] AndroidManifest.xml:24:18-86
19        android:debuggable="true"
20        android:icon="@mipmap/ic_launcher"
20-->src/main/AndroidManifest.xml:7:9-43
21        android:label="@string/app_name"
21-->src/main/AndroidManifest.xml:8:9-41
22        android:roundIcon="@mipmap/ic_launcher_round"
22-->src/main/AndroidManifest.xml:9:9-54
23        android:supportsRtl="true"
23-->src/main/AndroidManifest.xml:10:9-35
24        android:testOnly="true"
25        android:theme="@style/Theme.Livrable3" >
25-->src/main/AndroidManifest.xml:11:9-47
26        <service
26-->[com.google.firebase:firebase-database:20.0.2] AndroidManifest.xml:29:9-35:19
27            android:name="com.google.firebase.components.ComponentDiscoveryService"
27-->[com.google.firebase:firebase-database:20.0.2] AndroidManifest.xml:30:13-84
28            android:directBootAware="true"
28-->[com.google.firebase:firebase-common:20.0.0] AndroidManifest.xml:35:13-43
29            android:exported="false" >
29-->[com.google.firebase:firebase-database:20.0.2] AndroidManifest.xml:31:13-37
30            <meta-data
30-->[com.google.firebase:firebase-database:20.0.2] AndroidManifest.xml:32:13-34:85
31                android:name="com.google.firebase.components:com.google.firebase.database.DatabaseRegistrar"
31-->[com.google.firebase:firebase-database:20.0.2] AndroidManifest.xml:33:17-109
32                android:value="com.google.firebase.components.ComponentRegistrar" />
32-->[com.google.firebase:firebase-database:20.0.2] AndroidManifest.xml:34:17-82
33        </service>
34
35        <provider
35-->[com.google.firebase:firebase-common:20.0.0] AndroidManifest.xml:26:9-31:39
36            android:name="com.google.firebase.provider.FirebaseInitProvider"
36-->[com.google.firebase:firebase-common:20.0.0] AndroidManifest.xml:27:13-77
37            android:authorities="com.example.livrable3.firebaseinitprovider"
37-->[com.google.firebase:firebase-common:20.0.0] AndroidManifest.xml:28:13-72
38            android:directBootAware="true"
38-->[com.google.firebase:firebase-common:20.0.0] AndroidManifest.xml:29:13-43
39            android:exported="false"
39-->[com.google.firebase:firebase-common:20.0.0] AndroidManifest.xml:30:13-37
40            android:initOrder="100" />
40-->[com.google.firebase:firebase-common:20.0.0] AndroidManifest.xml:31:13-36
41
42        <activity
42-->[com.google.android.gms:play-services-base:17.1.0] AndroidManifest.xml:23:9-26:75
43            android:name="com.google.android.gms.common.api.GoogleApiActivity"
43-->[com.google.android.gms:play-services-base:17.1.0] AndroidManifest.xml:24:13-79
44            android:exported="false"
44-->[com.google.android.gms:play-services-base:17.1.0] AndroidManifest.xml:25:13-37
45            android:theme="@android:style/Theme.Translucent.NoTitleBar" />
45-->[com.google.android.gms:play-services-base:17.1.0] AndroidManifest.xml:26:13-72
46
47        <meta-data
47-->[com.google.android.gms:play-services-basement:17.0.0] AndroidManifest.xml:23:9-25:69
48            android:name="com.google.android.gms.version"
48-->[com.google.android.gms:play-services-basement:17.0.0] AndroidManifest.xml:24:13-58
49            android:value="@integer/google_play_services_version" />
49-->[com.google.android.gms:play-services-basement:17.0.0] AndroidManifest.xml:25:13-66
50
51        <provider
51-->[androidx.emoji2:emoji2:1.0.0] AndroidManifest.xml:26:9-34:20
52            android:name="androidx.startup.InitializationProvider"
52-->[androidx.emoji2:emoji2:1.0.0] AndroidManifest.xml:27:13-67
53            android:authorities="com.example.livrable3.androidx-startup"
53-->[androidx.emoji2:emoji2:1.0.0] AndroidManifest.xml:28:13-68
54            android:exported="false" >
54-->[androidx.emoji2:emoji2:1.0.0] AndroidManifest.xml:29:13-37
55            <meta-data
55-->[androidx.emoji2:emoji2:1.0.0] AndroidManifest.xml:31:13-33:52
56                android:name="androidx.emoji2.text.EmojiCompatInitializer"
56-->[androidx.emoji2:emoji2:1.0.0] AndroidManifest.xml:32:17-75
57                android:value="androidx.startup" />
57-->[androidx.emoji2:emoji2:1.0.0] AndroidManifest.xml:33:17-49
58            <meta-data
58-->[androidx.lifecycle:lifecycle-process:2.4.0] AndroidManifest.xml:31:13-33:52
59                android:name="androidx.lifecycle.ProcessLifecycleInitializer"
59-->[androidx.lifecycle:lifecycle-process:2.4.0] AndroidManifest.xml:32:17-78
60                android:value="androidx.startup" />
60-->[androidx.lifecycle:lifecycle-process:2.4.0] AndroidManifest.xml:33:17-49
61        </provider>
62    </application>
63
64</manifest>